{"C:\\Code\\Torneo\\src\\constants.ts": {"path":"C:\\Code\\Torneo\\src\\constants.ts","all":false,"statementMap":{"0":{"start":{"line":1,"column":0},"end":{"line":1,"column":40}}},"s":{"0":1},"branchMap":{},"b":{},"fnMap":{},"f":{}}
,"C:\\Code\\Torneo\\src\\generation.ts": {"path":"C:\\Code\\Torneo\\src\\generation.ts","all":false,"statementMap":{"0":{"start":{"line":1,"column":0},"end":{"line":1,"column":57}},"1":{"start":{"line":2,"column":0},"end":{"line":2,"column":53}},"2":{"start":{"line":3,"column":0},"end":{"line":3,"column":33}},"3":{"start":{"line":4,"column":0},"end":{"line":4,"column":0}},"4":{"start":{"line":5,"column":0},"end":{"line":5,"column":79}},"5":{"start":{"line":6,"column":0},"end":{"line":6,"column":13}},"6":{"start":{"line":7,"column":0},"end":{"line":7,"column":22}},"7":{"start":{"line":8,"column":0},"end":{"line":8,"column":55}},"8":{"start":{"line":9,"column":0},"end":{"line":9,"column":1}},"9":{"start":{"line":10,"column":0},"end":{"line":10,"column":0}},"10":{"start":{"line":11,"column":0},"end":{"line":11,"column":57}},"11":{"start":{"line":12,"column":0},"end":{"line":12,"column":31}},"12":{"start":{"line":13,"column":0},"end":{"line":13,"column":28}},"13":{"start":{"line":14,"column":0},"end":{"line":14,"column":11}},"14":{"start":{"line":15,"column":0},"end":{"line":15,"column":1}},"15":{"start":{"line":16,"column":0},"end":{"line":16,"column":0}},"16":{"start":{"line":17,"column":0},"end":{"line":17,"column":32}},"17":{"start":{"line":18,"column":0},"end":{"line":18,"column":17}},"18":{"start":{"line":19,"column":0},"end":{"line":19,"column":41}},"19":{"start":{"line":20,"column":0},"end":{"line":20,"column":13}},"20":{"start":{"line":21,"column":0},"end":{"line":21,"column":60}},"21":{"start":{"line":22,"column":0},"end":{"line":22,"column":32}},"22":{"start":{"line":23,"column":0},"end":{"line":23,"column":53}},"23":{"start":{"line":24,"column":0},"end":{"line":24,"column":27}},"24":{"start":{"line":25,"column":0},"end":{"line":25,"column":8}},"25":{"start":{"line":26,"column":0},"end":{"line":26,"column":14}},"26":{"start":{"line":27,"column":0},"end":{"line":27,"column":6}},"27":{"start":{"line":28,"column":0},"end":{"line":28,"column":4}},"28":{"start":{"line":29,"column":0},"end":{"line":29,"column":1}},"29":{"start":{"line":30,"column":0},"end":{"line":30,"column":0}},"30":{"start":{"line":31,"column":0},"end":{"line":31,"column":58}},"31":{"start":{"line":32,"column":0},"end":{"line":32,"column":22}},"32":{"start":{"line":33,"column":0},"end":{"line":33,"column":12}},"33":{"start":{"line":34,"column":0},"end":{"line":34,"column":46}},"34":{"start":{"line":35,"column":0},"end":{"line":35,"column":11}},"35":{"start":{"line":36,"column":0},"end":{"line":36,"column":1}}},"s":{"0":1,"1":1,"2":1,"3":1,"4":5,"5":5,"6":0,"7":5,"8":5,"9":1,"10":1,"11":5,"12":5,"13":5,"14":5,"15":1,"16":1,"17":5,"18":5,"19":5,"20":5,"21":5,"22":30,"23":30,"24":30,"25":30,"26":30,"27":30,"28":5,"29":1,"30":1,"31":0,"32":0,"33":0,"34":0,"35":0},"branchMap":{"0":{"type":"branch","line":5,"loc":{"start":{"line":5,"column":0},"end":{"line":9,"column":1}},"locations":[{"start":{"line":5,"column":0},"end":{"line":9,"column":1}}]},"1":{"type":"branch","line":7,"loc":{"start":{"line":7,"column":-1},"end":{"line":8,"column":26}},"locations":[{"start":{"line":7,"column":-1},"end":{"line":8,"column":26}}]},"2":{"type":"branch","line":11,"loc":{"start":{"line":11,"column":7},"end":{"line":15,"column":1}},"locations":[{"start":{"line":11,"column":7},"end":{"line":15,"column":1}}]},"3":{"type":"branch","line":13,"loc":{"start":{"line":13,"column":7},"end":{"line":13,"column":28}},"locations":[{"start":{"line":13,"column":7},"end":{"line":13,"column":28}}]},"4":{"type":"branch","line":17,"loc":{"start":{"line":17,"column":7},"end":{"line":29,"column":1}},"locations":[{"start":{"line":17,"column":7},"end":{"line":29,"column":1}}]},"5":{"type":"branch","line":22,"loc":{"start":{"line":22,"column":23},"end":{"line":28,"column":4}},"locations":[{"start":{"line":22,"column":23},"end":{"line":28,"column":4}}]},"6":{"type":"branch","line":23,"loc":{"start":{"line":23,"column":46},"end":{"line":23,"column":52}},"locations":[{"start":{"line":23,"column":46},"end":{"line":23,"column":52}}]}},"b":{"0":[5],"1":[0],"2":[5],"3":[30],"4":[5],"5":[30],"6":[120]},"fnMap":{"0":{"name":"getNPlayersPerTeam","decl":{"start":{"line":5,"column":0},"end":{"line":9,"column":1}},"loc":{"start":{"line":5,"column":0},"end":{"line":9,"column":1}},"line":5},"1":{"name":"generateTeams","decl":{"start":{"line":11,"column":7},"end":{"line":15,"column":1}},"loc":{"start":{"line":11,"column":7},"end":{"line":15,"column":1}},"line":11},"2":{"name":"generatePlayers","decl":{"start":{"line":17,"column":7},"end":{"line":29,"column":1}},"loc":{"start":{"line":17,"column":7},"end":{"line":29,"column":1}},"line":17},"3":{"name":"rankPlayers","decl":{"start":{"line":31,"column":7},"end":{"line":36,"column":1}},"loc":{"start":{"line":31,"column":7},"end":{"line":36,"column":1}},"line":31}},"f":{"0":5,"1":5,"2":5,"3":0}}
,"C:\\Code\\Torneo\\src\\tables.ts": {"path":"C:\\Code\\Torneo\\src\\tables.ts","all":false,"statementMap":{"0":{"start":{"line":1,"column":0},"end":{"line":1,"column":8}},"1":{"start":{"line":2,"column":0},"end":{"line":2,"column":7}},"2":{"start":{"line":3,"column":0},"end":{"line":3,"column":6}},"3":{"start":{"line":4,"column":0},"end":{"line":4,"column":8}},"4":{"start":{"line":5,"column":0},"end":{"line":5,"column":6}},"5":{"start":{"line":6,"column":0},"end":{"line":6,"column":10}},"6":{"start":{"line":7,"column":0},"end":{"line":7,"column":6}},"7":{"start":{"line":8,"column":0},"end":{"line":8,"column":7}},"8":{"start":{"line":9,"column":0},"end":{"line":9,"column":8}},"9":{"start":{"line":10,"column":0},"end":{"line":10,"column":16}},"10":{"start":{"line":11,"column":0},"end":{"line":11,"column":40}},"11":{"start":{"line":12,"column":0},"end":{"line":12,"column":43}},"12":{"start":{"line":13,"column":0},"end":{"line":13,"column":0}},"13":{"start":{"line":14,"column":0},"end":{"line":14,"column":75}},"14":{"start":{"line":15,"column":0},"end":{"line":15,"column":55}},"15":{"start":{"line":16,"column":0},"end":{"line":16,"column":30}},"16":{"start":{"line":17,"column":0},"end":{"line":17,"column":25}},"17":{"start":{"line":18,"column":0},"end":{"line":18,"column":23}},"18":{"start":{"line":19,"column":0},"end":{"line":19,"column":11}},"19":{"start":{"line":20,"column":0},"end":{"line":20,"column":0}},"20":{"start":{"line":21,"column":0},"end":{"line":21,"column":25}},"21":{"start":{"line":22,"column":0},"end":{"line":22,"column":35}},"22":{"start":{"line":23,"column":0},"end":{"line":23,"column":34}},"23":{"start":{"line":24,"column":0},"end":{"line":24,"column":5}},"24":{"start":{"line":25,"column":0},"end":{"line":25,"column":4}},"25":{"start":{"line":26,"column":0},"end":{"line":26,"column":0}},"26":{"start":{"line":27,"column":0},"end":{"line":27,"column":39}},"27":{"start":{"line":28,"column":0},"end":{"line":28,"column":0}},"28":{"start":{"line":29,"column":0},"end":{"line":29,"column":28}},"29":{"start":{"line":30,"column":0},"end":{"line":30,"column":0}},"30":{"start":{"line":31,"column":0},"end":{"line":31,"column":36}},"31":{"start":{"line":32,"column":0},"end":{"line":32,"column":28}},"32":{"start":{"line":33,"column":0},"end":{"line":33,"column":49}},"33":{"start":{"line":34,"column":0},"end":{"line":34,"column":48}},"34":{"start":{"line":35,"column":0},"end":{"line":35,"column":33}},"35":{"start":{"line":36,"column":0},"end":{"line":36,"column":38}},"36":{"start":{"line":37,"column":0},"end":{"line":37,"column":16}},"37":{"start":{"line":38,"column":0},"end":{"line":38,"column":42}},"38":{"start":{"line":39,"column":0},"end":{"line":39,"column":12}},"39":{"start":{"line":40,"column":0},"end":{"line":40,"column":49}},"40":{"start":{"line":41,"column":0},"end":{"line":41,"column":5}},"41":{"start":{"line":42,"column":0},"end":{"line":42,"column":0}},"42":{"start":{"line":43,"column":0},"end":{"line":43,"column":26}},"43":{"start":{"line":44,"column":0},"end":{"line":44,"column":15}},"44":{"start":{"line":45,"column":0},"end":{"line":45,"column":123}},"45":{"start":{"line":46,"column":0},"end":{"line":46,"column":9}},"46":{"start":{"line":47,"column":0},"end":{"line":47,"column":7}},"47":{"start":{"line":48,"column":0},"end":{"line":48,"column":5}},"48":{"start":{"line":49,"column":0},"end":{"line":49,"column":5}},"49":{"start":{"line":50,"column":0},"end":{"line":50,"column":0}},"50":{"start":{"line":51,"column":0},"end":{"line":51,"column":52}},"51":{"start":{"line":52,"column":0},"end":{"line":52,"column":18}},"52":{"start":{"line":53,"column":0},"end":{"line":53,"column":57}},"53":{"start":{"line":54,"column":0},"end":{"line":54,"column":4}},"54":{"start":{"line":55,"column":0},"end":{"line":55,"column":13}},"55":{"start":{"line":56,"column":0},"end":{"line":56,"column":12}},"56":{"start":{"line":57,"column":0},"end":{"line":57,"column":5}},"57":{"start":{"line":58,"column":0},"end":{"line":58,"column":11}},"58":{"start":{"line":59,"column":0},"end":{"line":59,"column":62}},"59":{"start":{"line":60,"column":0},"end":{"line":60,"column":25}},"60":{"start":{"line":61,"column":0},"end":{"line":61,"column":7}},"61":{"start":{"line":62,"column":0},"end":{"line":62,"column":20}},"62":{"start":{"line":63,"column":0},"end":{"line":63,"column":6}},"63":{"start":{"line":64,"column":0},"end":{"line":64,"column":19}},"64":{"start":{"line":65,"column":0},"end":{"line":65,"column":4}},"65":{"start":{"line":66,"column":0},"end":{"line":66,"column":19}},"66":{"start":{"line":67,"column":0},"end":{"line":67,"column":52}},"67":{"start":{"line":68,"column":0},"end":{"line":68,"column":12}},"68":{"start":{"line":69,"column":0},"end":{"line":69,"column":0}},"69":{"start":{"line":70,"column":0},"end":{"line":70,"column":10}},"70":{"start":{"line":71,"column":0},"end":{"line":71,"column":30}},"71":{"start":{"line":72,"column":0},"end":{"line":72,"column":41}},"72":{"start":{"line":73,"column":0},"end":{"line":73,"column":4}},"73":{"start":{"line":74,"column":0},"end":{"line":74,"column":4}},"74":{"start":{"line":75,"column":0},"end":{"line":75,"column":1}},"75":{"start":{"line":76,"column":0},"end":{"line":76,"column":0}},"76":{"start":{"line":77,"column":0},"end":{"line":77,"column":39}},"77":{"start":{"line":78,"column":0},"end":{"line":78,"column":22}},"78":{"start":{"line":79,"column":0},"end":{"line":79,"column":16}},"79":{"start":{"line":80,"column":0},"end":{"line":80,"column":13}},"80":{"start":{"line":81,"column":0},"end":{"line":81,"column":40}},"81":{"start":{"line":82,"column":0},"end":{"line":82,"column":26}},"82":{"start":{"line":83,"column":0},"end":{"line":83,"column":17}},"83":{"start":{"line":84,"column":0},"end":{"line":84,"column":11}},"84":{"start":{"line":85,"column":0},"end":{"line":85,"column":52}},"85":{"start":{"line":86,"column":0},"end":{"line":86,"column":35}},"86":{"start":{"line":87,"column":0},"end":{"line":87,"column":3}},"87":{"start":{"line":88,"column":0},"end":{"line":88,"column":0}},"88":{"start":{"line":89,"column":0},"end":{"line":89,"column":28}},"89":{"start":{"line":90,"column":0},"end":{"line":90,"column":1}}},"s":{"0":1,"1":1,"2":1,"3":1,"4":1,"5":1,"6":1,"7":1,"8":1,"9":1,"10":1,"11":1,"12":1,"13":1,"14":5,"15":5,"16":5,"17":5,"18":5,"19":5,"20":5,"21":0,"22":0,"23":0,"24":0,"25":5,"26":5,"27":5,"28":5,"29":5,"30":5,"31":30,"32":30,"33":30,"34":190,"35":190,"36":190,"37":190,"38":190,"39":190,"40":190,"41":30,"42":30,"43":0,"44":0,"45":0,"46":0,"47":0,"48":0,"49":30,"50":30,"51":30,"52":30,"53":30,"54":30,"55":30,"56":30,"57":30,"58":163,"59":163,"60":163,"61":30,"62":30,"63":30,"64":30,"65":30,"66":30,"67":30,"68":30,"69":30,"70":30,"71":30,"72":30,"73":30,"74":5,"75":1,"76":1,"77":5,"78":5,"79":5,"80":5,"81":5,"82":5,"83":5,"84":5,"85":5,"86":5,"87":5,"88":5,"89":5},"branchMap":{"0":{"type":"branch","line":14,"loc":{"start":{"line":14,"column":7},"end":{"line":75,"column":1}},"locations":[{"start":{"line":14,"column":7},"end":{"line":75,"column":1}}]},"1":{"type":"branch","line":17,"loc":{"start":{"line":17,"column":10},"end":{"line":17,"column":25}},"locations":[{"start":{"line":17,"column":10},"end":{"line":17,"column":25}}]},"2":{"type":"branch","line":18,"loc":{"start":{"line":18,"column":11},"end":{"line":18,"column":23}},"locations":[{"start":{"line":18,"column":11},"end":{"line":18,"column":23}}]},"3":{"type":"branch","line":31,"loc":{"start":{"line":31,"column":30},"end":{"line":74,"column":4}},"locations":[{"start":{"line":31,"column":30},"end":{"line":74,"column":4}}]},"4":{"type":"branch","line":34,"loc":{"start":{"line":34,"column":42},"end":{"line":41,"column":5}},"locations":[{"start":{"line":34,"column":42},"end":{"line":41,"column":5}}]},"5":{"type":"branch","line":38,"loc":{"start":{"line":38,"column":4},"end":{"line":38,"column":19}},"locations":[{"start":{"line":38,"column":4},"end":{"line":38,"column":19}}]},"6":{"type":"branch","line":52,"loc":{"start":{"line":52,"column":8},"end":{"line":53,"column":9}},"locations":[{"start":{"line":52,"column":8},"end":{"line":53,"column":9}}]},"7":{"type":"branch","line":53,"loc":{"start":{"line":53,"column":18},"end":{"line":53,"column":33}},"locations":[{"start":{"line":53,"column":18},"end":{"line":53,"column":33}}]},"8":{"type":"branch","line":58,"loc":{"start":{"line":58,"column":5},"end":{"line":61,"column":7}},"locations":[{"start":{"line":58,"column":5},"end":{"line":61,"column":7}}]},"9":{"type":"branch","line":62,"loc":{"start":{"line":62,"column":5},"end":{"line":62,"column":20}},"locations":[{"start":{"line":62,"column":5},"end":{"line":62,"column":20}}]},"10":{"type":"branch","line":67,"loc":{"start":{"line":67,"column":9},"end":{"line":67,"column":35}},"locations":[{"start":{"line":67,"column":9},"end":{"line":67,"column":35}}]},"11":{"type":"branch","line":77,"loc":{"start":{"line":77,"column":7},"end":{"line":90,"column":1}},"locations":[{"start":{"line":77,"column":7},"end":{"line":90,"column":1}}]},"12":{"type":"branch","line":82,"loc":{"start":{"line":82,"column":11},"end":{"line":82,"column":26}},"locations":[{"start":{"line":82,"column":11},"end":{"line":82,"column":26}}]},"13":{"type":"branch","line":83,"loc":{"start":{"line":83,"column":7},"end":{"line":83,"column":17}},"locations":[{"start":{"line":83,"column":7},"end":{"line":83,"column":17}}]},"14":{"type":"branch","line":85,"loc":{"start":{"line":85,"column":48},"end":{"line":86,"column":11}},"locations":[{"start":{"line":85,"column":48},"end":{"line":86,"column":11}}]}},"b":{"0":[5],"1":[120],"2":[120],"3":[30],"4":[190],"5":[760],"6":[190],"7":[483],"8":[163],"9":[163],"10":[120],"11":[5],"12":[30],"13":[120],"14":[120]},"fnMap":{"0":{"name":"makeTables","decl":{"start":{"line":14,"column":7},"end":{"line":75,"column":1}},"loc":{"start":{"line":14,"column":7},"end":{"line":75,"column":1}},"line":14},"1":{"name":"getPlayersWithoutTable","decl":{"start":{"line":77,"column":7},"end":{"line":90,"column":1}},"loc":{"start":{"line":77,"column":7},"end":{"line":90,"column":1}},"line":77}},"f":{"0":5,"1":5}}
,"C:\\Code\\Torneo\\src\\utils.ts": {"path":"C:\\Code\\Torneo\\src\\utils.ts","all":false,"statementMap":{"0":{"start":{"line":1,"column":0},"end":{"line":1,"column":53}},"1":{"start":{"line":2,"column":0},"end":{"line":2,"column":0}},"2":{"start":{"line":3,"column":0},"end":{"line":3,"column":69}},"3":{"start":{"line":4,"column":0},"end":{"line":4,"column":23}},"4":{"start":{"line":5,"column":0},"end":{"line":5,"column":1}}},"s":{"0":1,"1":1,"2":1,"3":35,"4":35},"branchMap":{"0":{"type":"branch","line":3,"loc":{"start":{"line":3,"column":7},"end":{"line":5,"column":1}},"locations":[{"start":{"line":3,"column":7},"end":{"line":5,"column":1}}]},"1":{"type":"branch","line":4,"loc":{"start":{"line":4,"column":14},"end":{"line":4,"column":23}},"locations":[{"start":{"line":4,"column":14},"end":{"line":4,"column":23}}]}},"b":{"0":[35],"1":[0]},"fnMap":{"0":{"name":"runIfDevelopment","decl":{"start":{"line":3,"column":7},"end":{"line":5,"column":1}},"loc":{"start":{"line":3,"column":7},"end":{"line":5,"column":1}},"line":3}},"f":{"0":35}}
,"C:\\Code\\Torneo\\tests\\helpers.ts": {"path":"C:\\Code\\Torneo\\tests\\helpers.ts","all":false,"statementMap":{"0":{"start":{"line":1,"column":0},"end":{"line":1,"column":8}},"1":{"start":{"line":2,"column":0},"end":{"line":2,"column":7}},"2":{"start":{"line":3,"column":0},"end":{"line":3,"column":7}},"3":{"start":{"line":4,"column":0},"end":{"line":4,"column":8}},"4":{"start":{"line":5,"column":0},"end":{"line":5,"column":9}},"5":{"start":{"line":6,"column":0},"end":{"line":6,"column":9}},"6":{"start":{"line":7,"column":0},"end":{"line":7,"column":9}},"7":{"start":{"line":8,"column":0},"end":{"line":8,"column":5}},"8":{"start":{"line":9,"column":0},"end":{"line":9,"column":6}},"9":{"start":{"line":10,"column":0},"end":{"line":10,"column":8}},"10":{"start":{"line":11,"column":0},"end":{"line":11,"column":16}},"11":{"start":{"line":12,"column":0},"end":{"line":12,"column":37}},"12":{"start":{"line":13,"column":0},"end":{"line":13,"column":0}},"13":{"start":{"line":14,"column":0},"end":{"line":14,"column":69}},"14":{"start":{"line":15,"column":0},"end":{"line":15,"column":63}},"15":{"start":{"line":16,"column":0},"end":{"line":16,"column":49}},"16":{"start":{"line":17,"column":0},"end":{"line":17,"column":53}},"17":{"start":{"line":18,"column":0},"end":{"line":18,"column":4}},"18":{"start":{"line":19,"column":0},"end":{"line":19,"column":54}},"19":{"start":{"line":20,"column":0},"end":{"line":20,"column":1}},"20":{"start":{"line":21,"column":0},"end":{"line":21,"column":0}},"21":{"start":{"line":22,"column":0},"end":{"line":22,"column":54}},"22":{"start":{"line":23,"column":0},"end":{"line":23,"column":28}},"23":{"start":{"line":24,"column":0},"end":{"line":24,"column":44}},"24":{"start":{"line":25,"column":0},"end":{"line":25,"column":9}},"25":{"start":{"line":26,"column":0},"end":{"line":26,"column":11}},"26":{"start":{"line":27,"column":0},"end":{"line":27,"column":30}},"27":{"start":{"line":28,"column":0},"end":{"line":28,"column":42}},"28":{"start":{"line":29,"column":0},"end":{"line":29,"column":42}},"29":{"start":{"line":30,"column":0},"end":{"line":30,"column":4}},"30":{"start":{"line":31,"column":0},"end":{"line":31,"column":52}},"31":{"start":{"line":32,"column":0},"end":{"line":32,"column":45}},"32":{"start":{"line":33,"column":0},"end":{"line":33,"column":4}},"33":{"start":{"line":34,"column":0},"end":{"line":34,"column":1}}},"s":{"0":1,"1":1,"2":1,"3":1,"4":1,"5":1,"6":1,"7":1,"8":1,"9":1,"10":1,"11":1,"12":1,"13":1,"14":5,"15":30,"16":30,"17":30,"18":5,"19":5,"20":1,"21":1,"22":5,"23":5,"24":5,"25":5,"26":5,"27":30,"28":30,"29":30,"30":30,"31":30,"32":30,"33":5},"branchMap":{"0":{"type":"branch","line":14,"loc":{"start":{"line":14,"column":7},"end":{"line":20,"column":1}},"locations":[{"start":{"line":14,"column":7},"end":{"line":20,"column":1}}]},"1":{"type":"branch","line":15,"loc":{"start":{"line":15,"column":57},"end":{"line":18,"column":4}},"locations":[{"start":{"line":15,"column":57},"end":{"line":18,"column":4}}]},"2":{"type":"branch","line":16,"loc":{"start":{"line":16,"column":36},"end":{"line":16,"column":49}},"locations":[{"start":{"line":16,"column":36},"end":{"line":16,"column":49}}]},"3":{"type":"branch","line":17,"loc":{"start":{"line":17,"column":22},"end":{"line":17,"column":53}},"locations":[{"start":{"line":17,"column":22},"end":{"line":17,"column":53}}]},"4":{"type":"branch","line":22,"loc":{"start":{"line":22,"column":7},"end":{"line":34,"column":1}},"locations":[{"start":{"line":22,"column":7},"end":{"line":34,"column":1}}]},"5":{"type":"branch","line":24,"loc":{"start":{"line":24,"column":11},"end":{"line":24,"column":20}},"locations":[{"start":{"line":24,"column":11},"end":{"line":24,"column":20}}]},"6":{"type":"branch","line":24,"loc":{"start":{"line":24,"column":31},"end":{"line":24,"column":44}},"locations":[{"start":{"line":24,"column":31},"end":{"line":24,"column":44}}]},"7":{"type":"branch","line":27,"loc":{"start":{"line":27,"column":21},"end":{"line":33,"column":4}},"locations":[{"start":{"line":27,"column":21},"end":{"line":33,"column":4}}]},"8":{"type":"branch","line":28,"loc":{"start":{"line":28,"column":38},"end":{"line":29,"column":10}},"locations":[{"start":{"line":28,"column":38},"end":{"line":29,"column":10}}]},"9":{"type":"branch","line":29,"loc":{"start":{"line":29,"column":21},"end":{"line":29,"column":42}},"locations":[{"start":{"line":29,"column":21},"end":{"line":29,"column":42}}]},"10":{"type":"branch","line":31,"loc":{"start":{"line":31,"column":36},"end":{"line":31,"column":52}},"locations":[{"start":{"line":31,"column":36},"end":{"line":31,"column":52}}]}},"b":{"0":[5],"1":[30],"2":[120],"3":[120],"4":[5],"5":[30],"6":[120],"7":[30],"8":[190],"9":[760],"10":[120]},"fnMap":{"0":{"name":"noTablesWithMoreThan1PlayerPerTeam","decl":{"start":{"line":14,"column":7},"end":{"line":20,"column":1}},"loc":{"start":{"line":14,"column":7},"end":{"line":20,"column":1}},"line":14},"1":{"name":"allPlayersAreSorted","decl":{"start":{"line":22,"column":7},"end":{"line":34,"column":1}},"loc":{"start":{"line":22,"column":7},"end":{"line":34,"column":1}},"line":22}},"f":{"0":5,"1":5}}
}
