TN:
SF:src\constants.ts
FNF:0
FNH:0
DA:1,1
LF:1
LH:1
BRF:0
BRH:0
end_of_record
TN:
SF:src\generation.ts
FN:5,getNPlayersPerTeam
FN:11,generateTeams
FN:17,generatePlayers
FN:31,rankPlayers
FNF:4
FNH:3
FNDA:5,getNPlayersPerTeam
FNDA:5,generateTeams
FNDA:5,generatePlayers
FNDA:0,rankPlayers
DA:1,1
DA:2,1
DA:3,1
DA:4,1
DA:5,5
DA:6,5
DA:7,0
DA:8,5
DA:9,5
DA:10,1
DA:11,1
DA:12,5
DA:13,5
DA:14,5
DA:15,5
DA:16,1
DA:17,1
DA:18,5
DA:19,5
DA:20,5
DA:21,5
DA:22,5
DA:23,30
DA:24,30
DA:25,30
DA:26,30
DA:27,30
DA:28,30
DA:29,5
DA:30,1
DA:31,1
DA:32,0
DA:33,0
DA:34,0
DA:35,0
DA:36,0
LF:36
LH:30
BRDA:5,0,0,5
BRDA:7,1,0,0
BRDA:11,2,0,5
BRDA:13,3,0,30
BRDA:17,4,0,5
BRDA:22,5,0,30
BRDA:23,6,0,120
BRF:7
BRH:6
end_of_record
TN:
SF:src\tables.ts
FN:14,makeTables
FN:77,getPlayersWithoutTable
FNF:2
FNH:2
FNDA:5,makeTables
FNDA:5,getPlayersWithoutTable
DA:1,1
DA:2,1
DA:3,1
DA:4,1
DA:5,1
DA:6,1
DA:7,1
DA:8,1
DA:9,1
DA:10,1
DA:11,1
DA:12,1
DA:13,1
DA:14,1
DA:15,5
DA:16,5
DA:17,5
DA:18,5
DA:19,5
DA:20,5
DA:21,5
DA:22,0
DA:23,0
DA:24,0
DA:25,0
DA:26,5
DA:27,5
DA:28,5
DA:29,5
DA:30,5
DA:31,5
DA:32,30
DA:33,30
DA:34,30
DA:35,190
DA:36,190
DA:37,190
DA:38,190
DA:39,190
DA:40,190
DA:41,190
DA:42,30
DA:43,30
DA:44,0
DA:45,0
DA:46,0
DA:47,0
DA:48,0
DA:49,0
DA:50,30
DA:51,30
DA:52,30
DA:53,30
DA:54,30
DA:55,30
DA:56,30
DA:57,30
DA:58,30
DA:59,163
DA:60,163
DA:61,163
DA:62,30
DA:63,30
DA:64,30
DA:65,30
DA:66,30
DA:67,30
DA:68,30
DA:69,30
DA:70,30
DA:71,30
DA:72,30
DA:73,30
DA:74,30
DA:75,5
DA:76,1
DA:77,1
DA:78,5
DA:79,5
DA:80,5
DA:81,5
DA:82,5
DA:83,5
DA:84,5
DA:85,5
DA:86,5
DA:87,5
DA:88,5
DA:89,5
DA:90,5
LF:90
LH:80
BRDA:14,0,0,5
BRDA:17,1,0,120
BRDA:18,2,0,120
BRDA:31,3,0,30
BRDA:34,4,0,190
BRDA:38,5,0,760
BRDA:52,6,0,190
BRDA:53,7,0,483
BRDA:58,8,0,163
BRDA:62,9,0,163
BRDA:67,10,0,120
BRDA:77,11,0,5
BRDA:82,12,0,30
BRDA:83,13,0,120
BRDA:85,14,0,120
BRF:15
BRH:15
end_of_record
TN:
SF:src\utils.ts
FN:3,runIfDevelopment
FNF:1
FNH:1
FNDA:35,runIfDevelopment
DA:1,1
DA:2,1
DA:3,1
DA:4,35
DA:5,35
LF:5
LH:5
BRDA:3,0,0,35
BRDA:4,1,0,0
BRF:2
BRH:1
end_of_record
TN:
SF:tests\helpers.ts
FN:14,noTablesWithMoreThan1PlayerPerTeam
FN:22,allPlayersAreSorted
FNF:2
FNH:2
FNDA:5,noTablesWithMoreThan1PlayerPerTeam
FNDA:5,allPlayersAreSorted
DA:1,1
DA:2,1
DA:3,1
DA:4,1
DA:5,1
DA:6,1
DA:7,1
DA:8,1
DA:9,1
DA:10,1
DA:11,1
DA:12,1
DA:13,1
DA:14,1
DA:15,5
DA:16,30
DA:17,30
DA:18,30
DA:19,5
DA:20,5
DA:21,1
DA:22,1
DA:23,5
DA:24,5
DA:25,5
DA:26,5
DA:27,5
DA:28,30
DA:29,30
DA:30,30
DA:31,30
DA:32,30
DA:33,30
DA:34,5
LF:34
LH:34
BRDA:14,0,0,5
BRDA:15,1,0,30
BRDA:16,2,0,120
BRDA:17,3,0,120
BRDA:22,4,0,5
BRDA:24,5,0,30
BRDA:24,6,0,120
BRDA:27,7,0,30
BRDA:28,8,0,190
BRDA:29,9,0,760
BRDA:31,10,0,120
BRF:11
BRH:11
end_of_record
